::1 - - [23/Dec/2017:13:46:17 +0000] "GET /swagger/index.html?url=/api-docs.json HTTP/1.1" 200 -
::1 - - [23/Dec/2017:13:46:17 +0000] "GET /swagger/css/typography.css HTTP/1.1" 200 -
::1 - - [23/Dec/2017:13:46:17 +0000] "GET /swagger/css/reset.css HTTP/1.1" 200 -
::1 - - [23/Dec/2017:13:46:17 +0000] "GET /swagger/css/screen.css HTTP/1.1" 200 -
::1 - - [23/Dec/2017:13:46:17 +0000] "GET /swagger/lib/jquery-1.8.0.min.js HTTP/1.1" 200 -
::1 - - [23/Dec/2017:13:46:17 +0000] "GET /swagger/lib/jquery.slideto.min.js HTTP/1.1" 200 -
::1 - - [23/Dec/2017:13:46:17 +0000] "GET /swagger/lib/jquery.wiggle.min.js HTTP/1.1" 200 -
::1 - - [23/Dec/2017:13:46:17 +0000] "GET /swagger/lib/jquery.ba-bbq.min.js HTTP/1.1" 200 -
::1 - - [23/Dec/2017:13:46:17 +0000] "GET /swagger/lib/handlebars-2.0.0.js HTTP/1.1" 200 -
::1 - - [23/Dec/2017:13:46:17 +0000] "GET /swagger/lib/underscore-min.js HTTP/1.1" 200 -
::1 - - [23/Dec/2017:13:46:17 +0000] "GET /swagger/lib/backbone-min.js HTTP/1.1" 200 -
::1 - - [23/Dec/2017:13:46:17 +0000] "GET /swagger/swagger-ui.js HTTP/1.1" 200 -
::1 - - [23/Dec/2017:13:46:17 +0000] "GET /swagger/lib/highlight.7.3.pack.js HTTP/1.1" 200 -
::1 - - [23/Dec/2017:13:46:17 +0000] "GET /swagger/lib/marked.js HTTP/1.1" 200 -
::1 - - [23/Dec/2017:13:46:17 +0000] "GET /swagger/lib/swagger-oauth.js HTTP/1.1" 200 -
::1 - - [23/Dec/2017:13:46:18 +0000] "GET /swagger/css/print.css HTTP/1.1" 200 -
::1 - - [23/Dec/2017:13:46:18 +0000] "GET /swagger/images/logo_small.png HTTP/1.1" 200 -
::1 - - [23/Dec/2017:13:46:18 +0000] "GET /swagger/fonts/droid-sans-v6-latin-regular.woff2 HTTP/1.1" 200 -
::1 - - [23/Dec/2017:13:46:18 +0000] "GET /api-docs.json HTTP/1.1" 200 -
::1 - - [23/Dec/2017:13:46:18 +0000] "GET /swagger/fonts/droid-sans-v6-latin-700.woff2 HTTP/1.1" 200 -
::1 - - [23/Dec/2017:13:46:22 +0000] "GET /swagger/images/throbber.gif HTTP/1.1" 200 -
::1 - - [23/Dec/2017:13:46:29 +0000] "GET /helloYml?name=yes HTTP/1.1" 200 -
::1 - - [23/Dec/2017:14:47:44 +0000] "GET /swagger/index.html?url=/api-docs.json HTTP/1.1" 200 -
::1 - - [23/Dec/2017:14:47:44 +0000] "GET /swagger/css/typography.css HTTP/1.1" 200 -
::1 - - [23/Dec/2017:14:47:44 +0000] "GET /swagger/lib/jquery.slideto.min.js HTTP/1.1" 200 -
::1 - - [23/Dec/2017:14:47:44 +0000] "GET /swagger/lib/jquery.ba-bbq.min.js HTTP/1.1" 200 -
::1 - - [23/Dec/2017:14:47:44 +0000] "GET /swagger/css/screen.css HTTP/1.1" 200 -
::1 - - [23/Dec/2017:14:47:44 +0000] "GET /swagger/lib/handlebars-2.0.0.js HTTP/1.1" 200 -
::1 - - [23/Dec/2017:14:47:44 +0000] "GET /swagger/lib/underscore-min.js HTTP/1.1" 200 -
::1 - - [23/Dec/2017:14:47:44 +0000] "GET /swagger/lib/highlight.7.3.pack.js HTTP/1.1" 200 -
::1 - - [23/Dec/2017:14:47:44 +0000] "GET /swagger/lib/jquery-1.8.0.min.js HTTP/1.1" 200 -
::1 - - [23/Dec/2017:14:47:44 +0000] "GET /swagger/css/reset.css HTTP/1.1" 200 -
::1 - - [23/Dec/2017:14:47:44 +0000] "GET /swagger/lib/swagger-oauth.js HTTP/1.1" 200 -
::1 - - [23/Dec/2017:14:47:44 +0000] "GET /swagger/lib/backbone-min.js HTTP/1.1" 200 -
::1 - - [23/Dec/2017:14:47:44 +0000] "GET /swagger/lib/jquery.wiggle.min.js HTTP/1.1" 200 -
::1 - - [23/Dec/2017:14:47:44 +0000] "GET /swagger/lib/marked.js HTTP/1.1" 200 -
::1 - - [23/Dec/2017:14:47:44 +0000] "GET /swagger/swagger-ui.js HTTP/1.1" 200 -
::1 - - [23/Dec/2017:14:47:44 +0000] "GET /swagger/css/print.css HTTP/1.1" 200 -
::1 - - [23/Dec/2017:14:47:44 +0000] "GET /swagger/fonts/droid-sans-v6-latin-700.woff2 HTTP/1.1" 200 -
::1 - - [23/Dec/2017:14:47:44 +0000] "GET /swagger/fonts/droid-sans-v6-latin-regular.woff2 HTTP/1.1" 200 -
::1 - - [23/Dec/2017:14:47:44 +0000] "GET /swagger/images/logo_small.png HTTP/1.1" 200 -
::1 - - [23/Dec/2017:14:47:44 +0000] "GET /api-docs.json HTTP/1.1" 200 -
::1 - - [23/Dec/2017:14:47:46 +0000] "GET /swagger/images/throbber.gif HTTP/1.1" 200 -
::1 - - [23/Dec/2017:15:00:38 +0000] "GET /swagger/index.html?url=/api-docs.json HTTP/1.1" 200 -
::1 - - [23/Dec/2017:15:00:39 +0000] "GET /api-docs.json HTTP/1.1" 200 -
::1 - - [23/Dec/2017:15:00:39 +0000] "GET /swagger/images/favicon-32x32.png HTTP/1.1" 200 -
::1 - - [23/Dec/2017:15:00:39 +0000] "GET /swagger/images/favicon-16x16.png HTTP/1.1" 200 -
::1 - - [23/Dec/2017:15:04:57 +0000] "GET /swagger/index.html?url=/api-docs.json HTTP/1.1" 200 -
::1 - - [23/Dec/2017:15:04:57 +0000] "GET /api-docs.json HTTP/1.1" 200 -
::1 - - [23/Dec/2017:15:04:57 +0000] "GET /swagger/images/favicon-32x32.png HTTP/1.1" 200 -
::1 - - [23/Dec/2017:15:06:44 +0000] "GET /swagger/index.html?url=/api-docs.json HTTP/1.1" 200 -
::1 - - [23/Dec/2017:15:06:44 +0000] "GET /api-docs.json HTTP/1.1" 200 -
::1 - - [23/Dec/2017:15:06:44 +0000] "GET /swagger/images/favicon-32x32.png HTTP/1.1" 200 -
::1 - - [23/Dec/2017:15:10:07 +0000] "GET /swagger/index.html?url=/api-docs.json HTTP/1.1" 200 -
::1 - - [23/Dec/2017:15:10:07 +0000] "GET /api-docs.json HTTP/1.1" 200 -
::1 - - [23/Dec/2017:15:10:07 +0000] "GET /swagger/images/favicon-32x32.png HTTP/1.1" 200 -
::1 - - [23/Dec/2017:15:11:45 +0000] "GET /swagger/index.html?url=/api-docs.json HTTP/1.1" 200 -
::1 - - [23/Dec/2017:15:11:45 +0000] "GET /api-docs.json HTTP/1.1" 200 -
::1 - - [23/Dec/2017:15:11:45 +0000] "GET /swagger/images/favicon-32x32.png HTTP/1.1" 200 -
::1 - - [23/Dec/2017:15:14:44 +0000] "GET /swagger/index.html?url=/api-docs.json HTTP/1.1" 200 -
::1 - - [23/Dec/2017:15:14:45 +0000] "GET /api-docs.json HTTP/1.1" 200 -
::1 - - [23/Dec/2017:15:14:45 +0000] "GET /swagger/images/favicon-32x32.png HTTP/1.1" 200 -
::1 - - [23/Dec/2017:15:15:33 +0000] "GET /swagger/index.html?url=/api-docs.json HTTP/1.1" 200 -
::1 - - [23/Dec/2017:15:15:34 +0000] "GET /api-docs.json HTTP/1.1" 200 -
::1 - - [23/Dec/2017:15:15:34 +0000] "GET /swagger/images/favicon-32x32.png HTTP/1.1" 200 -
::1 - - [23/Dec/2017:15:16:36 +0000] "GET /swagger/index.html?url=/api-docs.json HTTP/1.1" 200 -
::1 - - [23/Dec/2017:15:16:37 +0000] "GET /api-docs.json HTTP/1.1" 200 -
::1 - - [23/Dec/2017:15:16:37 +0000] "GET /swagger/images/favicon-32x32.png HTTP/1.1" 200 -
::1 - - [23/Dec/2017:15:17:14 +0000] "GET /swagger/index.html?url=/api-docs.json HTTP/1.1" 200 -
::1 - - [23/Dec/2017:15:17:15 +0000] "GET /api-docs.json HTTP/1.1" 200 -
::1 - - [23/Dec/2017:15:21:05 +0000] "GET /swagger/index.html?url=/api-docs.json HTTP/1.1" 200 -
::1 - - [23/Dec/2017:15:21:06 +0000] "GET /api-docs.json HTTP/1.1" 200 -
::1 - - [23/Dec/2017:15:22:44 +0000] "GET /swagger/index.html?url=/api-docs.json HTTP/1.1" 200 -
::1 - - [23/Dec/2017:15:22:45 +0000] "GET /api-docs.json HTTP/1.1" 200 -
::1 - - [23/Dec/2017:15:22:45 +0000] "GET /swagger/images/favicon-32x32.png HTTP/1.1" 200 -
::1 - - [23/Dec/2017:15:23:35 +0000] "POST /addFriends HTTP/1.1" 200 -
::1 - - [23/Dec/2017:15:46:40 +0000] "GET /swagger/index.html?url=/api-docs.json HTTP/1.1" 200 -
::1 - - [23/Dec/2017:15:46:40 +0000] "GET /api-docs.json HTTP/1.1" 200 -
::1 - - [23/Dec/2017:15:49:24 +0000] "GET /swagger/index.html?url=/api-docs.json HTTP/1.1" 200 -
::1 - - [23/Dec/2017:15:49:24 +0000] "GET /swagger/lib/jquery.slideto.min.js HTTP/1.1" 200 -
::1 - - [23/Dec/2017:15:49:24 +0000] "GET /swagger/css/typography.css HTTP/1.1" 200 -
::1 - - [23/Dec/2017:15:49:24 +0000] "GET /swagger/lib/jquery.ba-bbq.min.js HTTP/1.1" 200 -
::1 - - [23/Dec/2017:15:49:24 +0000] "GET /swagger/lib/handlebars-2.0.0.js HTTP/1.1" 200 -
::1 - - [23/Dec/2017:15:49:24 +0000] "GET /swagger/lib/underscore-min.js HTTP/1.1" 200 -
::1 - - [23/Dec/2017:15:49:24 +0000] "GET /swagger/lib/backbone-min.js HTTP/1.1" 200 -
::1 - - [23/Dec/2017:15:49:24 +0000] "GET /swagger/css/reset.css HTTP/1.1" 200 -
::1 - - [23/Dec/2017:15:49:24 +0000] "GET /swagger/lib/jquery.wiggle.min.js HTTP/1.1" 200 -
::1 - - [23/Dec/2017:15:49:24 +0000] "GET /swagger/css/screen.css HTTP/1.1" 200 -
::1 - - [23/Dec/2017:15:49:24 +0000] "GET /swagger/lib/highlight.7.3.pack.js HTTP/1.1" 200 -
::1 - - [23/Dec/2017:15:49:24 +0000] "GET /swagger/lib/jquery-1.8.0.min.js HTTP/1.1" 200 -
::1 - - [23/Dec/2017:15:49:24 +0000] "GET /swagger/lib/marked.js HTTP/1.1" 200 -
::1 - - [23/Dec/2017:15:49:24 +0000] "GET /swagger/lib/swagger-oauth.js HTTP/1.1" 200 -
::1 - - [23/Dec/2017:15:49:24 +0000] "GET /swagger/swagger-ui.js HTTP/1.1" 200 -
::1 - - [23/Dec/2017:15:49:24 +0000] "GET /swagger/css/print.css HTTP/1.1" 200 -
::1 - - [23/Dec/2017:15:49:24 +0000] "GET /swagger/images/logo_small.png HTTP/1.1" 200 -
::1 - - [23/Dec/2017:15:49:24 +0000] "GET /swagger/fonts/droid-sans-v6-latin-700.woff2 HTTP/1.1" 200 -
::1 - - [23/Dec/2017:15:49:24 +0000] "GET /swagger/fonts/droid-sans-v6-latin-regular.woff2 HTTP/1.1" 200 -
::1 - - [23/Dec/2017:15:49:24 +0000] "GET /api-docs.json HTTP/1.1" 200 -
::1 - - [23/Dec/2017:15:49:27 +0000] "GET /swagger/images/throbber.gif HTTP/1.1" 200 -
::1 - - [23/Dec/2017:15:50:50 +0000] "GET /swagger/index.html?url=/api-docs.json HTTP/1.1" 200 -
::1 - - [23/Dec/2017:15:50:50 +0000] "GET /api-docs.json HTTP/1.1" 200 -
::1 - - [23/Dec/2017:15:50:50 +0000] "GET /swagger/images/favicon-32x32.png HTTP/1.1" 200 -
::1 - - [23/Dec/2017:15:51:03 +0000] "GET /swagger/index.html?url=/api-docs.json HTTP/1.1" 200 -
::1 - - [23/Dec/2017:15:51:03 +0000] "GET /api-docs.json HTTP/1.1" 200 -
::1 - - [23/Dec/2017:15:51:03 +0000] "GET /swagger/images/favicon-32x32.png HTTP/1.1" 200 -
::1 - - [23/Dec/2017:15:53:14 +0000] "GET /swagger/index.html?url=/api-docs.json HTTP/1.1" 200 -
::1 - - [23/Dec/2017:15:53:14 +0000] "GET /api-docs.json HTTP/1.1" 200 -
::1 - - [23/Dec/2017:15:53:14 +0000] "GET /swagger/images/favicon-32x32.png HTTP/1.1" 200 -
::1 - - [23/Dec/2017:15:54:37 +0000] "GET /swagger/index.html?url=/api-docs.json HTTP/1.1" 200 -
::1 - - [23/Dec/2017:15:54:37 +0000] "GET /api-docs.json HTTP/1.1" 200 -
::1 - - [23/Dec/2017:15:54:37 +0000] "GET /swagger/images/favicon-32x32.png HTTP/1.1" 200 -
::1 - - [23/Dec/2017:15:54:42 +0000] "POST /addFriends HTTP/1.1" 200 -
::1 - - [23/Dec/2017:15:56:10 +0000] "GET /swagger/index.html?url=/api-docs.json HTTP/1.1" 200 -
::1 - - [23/Dec/2017:15:56:10 +0000] "GET /api-docs.json HTTP/1.1" 200 -
::1 - - [23/Dec/2017:15:56:15 +0000] "POST /addFriend HTTP/1.1" 200 -
::1 - - [23/Dec/2017:16:05:35 +0000] "GET /swagger/index.html?url=/api-docs.json HTTP/1.1" 200 -
::1 - - [23/Dec/2017:16:05:36 +0000] "GET /api-docs.json HTTP/1.1" 200 -
::1 - - [23/Dec/2017:16:07:06 +0000] "GET /swagger/index.html?url=/api-docs.json HTTP/1.1" 200 -
::1 - - [23/Dec/2017:16:07:07 +0000] "GET /api-docs.json HTTP/1.1" 200 -
::1 - - [23/Dec/2017:16:10:30 +0000] "GET /swagger/index.html?url=/api-docs.json HTTP/1.1" 200 -
::1 - - [23/Dec/2017:16:10:31 +0000] "GET /api-docs.json HTTP/1.1" 200 -
::1 - - [23/Dec/2017:16:29:16 +0000] "GET /swagger/index.html?url=/api-docs.json HTTP/1.1" 200 -
::1 - - [23/Dec/2017:16:29:16 +0000] "GET /api-docs.json HTTP/1.1" 200 -
::1 - - [23/Dec/2017:16:29:16 +0000] "GET /swagger/images/favicon-32x32.png HTTP/1.1" 200 -
::1 - - [23/Dec/2017:16:29:16 +0000] "GET /swagger/images/favicon-16x16.png HTTP/1.1" 200 -
::1 - - [23/Dec/2017:16:30:19 +0000] "GET /swagger/index.html?url=/api-docs.json HTTP/1.1" 200 -
::1 - - [23/Dec/2017:16:30:20 +0000] "GET /api-docs.json HTTP/1.1" 200 -
::1 - - [23/Dec/2017:16:30:20 +0000] "GET /swagger/images/favicon-32x32.png HTTP/1.1" 200 -
::1 - - [24/Dec/2017:06:35:24 +0000] "GET /swagger/index.html?url=/api-docs.json HTTP/1.1" 200 -
::1 - - [24/Dec/2017:06:35:24 +0000] "GET /swagger/css/typography.css HTTP/1.1" 200 -
::1 - - [24/Dec/2017:06:35:24 +0000] "GET /swagger/lib/jquery.wiggle.min.js HTTP/1.1" 200 -
::1 - - [24/Dec/2017:06:35:24 +0000] "GET /swagger/lib/jquery.ba-bbq.min.js HTTP/1.1" 200 -
::1 - - [24/Dec/2017:06:35:24 +0000] "GET /swagger/lib/handlebars-2.0.0.js HTTP/1.1" 200 -
::1 - - [24/Dec/2017:06:35:24 +0000] "GET /swagger/lib/underscore-min.js HTTP/1.1" 200 -
::1 - - [24/Dec/2017:06:35:24 +0000] "GET /swagger/lib/backbone-min.js HTTP/1.1" 200 -
::1 - - [24/Dec/2017:06:35:24 +0000] "GET /swagger/lib/highlight.7.3.pack.js HTTP/1.1" 200 -
::1 - - [24/Dec/2017:06:35:24 +0000] "GET /swagger/css/screen.css HTTP/1.1" 200 -
::1 - - [24/Dec/2017:06:35:24 +0000] "GET /swagger/css/reset.css HTTP/1.1" 200 -
::1 - - [24/Dec/2017:06:35:24 +0000] "GET /swagger/lib/jquery.slideto.min.js HTTP/1.1" 200 -
::1 - - [24/Dec/2017:06:35:24 +0000] "GET /swagger/lib/jquery-1.8.0.min.js HTTP/1.1" 200 -
::1 - - [24/Dec/2017:06:35:24 +0000] "GET /swagger/lib/swagger-oauth.js HTTP/1.1" 200 -
::1 - - [24/Dec/2017:06:35:24 +0000] "GET /swagger/lib/marked.js HTTP/1.1" 200 -
::1 - - [24/Dec/2017:06:35:24 +0000] "GET /swagger/swagger-ui.js HTTP/1.1" 200 -
::1 - - [24/Dec/2017:06:35:24 +0000] "GET /swagger/css/print.css HTTP/1.1" 200 -
::1 - - [24/Dec/2017:06:35:24 +0000] "GET /swagger/images/logo_small.png HTTP/1.1" 200 -
::1 - - [24/Dec/2017:06:35:24 +0000] "GET /swagger/fonts/droid-sans-v6-latin-700.woff2 HTTP/1.1" 200 -
::1 - - [24/Dec/2017:06:35:24 +0000] "GET /swagger/fonts/droid-sans-v6-latin-regular.woff2 HTTP/1.1" 200 -
::1 - - [24/Dec/2017:06:35:25 +0000] "GET /api-docs.json HTTP/1.1" 200 -
::1 - - [24/Dec/2017:06:35:27 +0000] "GET /swagger/images/throbber.gif HTTP/1.1" 200 -
::1 - - [24/Dec/2017:06:35:34 +0000] "POST /addFriend HTTP/1.1" 200 -
::1 - - [24/Dec/2017:06:36:24 +0000] "POST /addFriend HTTP/1.1" 200 -
::1 - - [24/Dec/2017:06:37:52 +0000] "POST /addFriend HTTP/1.1" 200 -
::1 - - [24/Dec/2017:06:37:56 +0000] "POST /addFriend HTTP/1.1" 200 -
::1 - - [24/Dec/2017:06:37:57 +0000] "POST /addFriend HTTP/1.1" 200 -
::1 - - [24/Dec/2017:06:37:57 +0000] "POST /addFriend HTTP/1.1" 200 -
::1 - - [24/Dec/2017:06:38:33 +0000] "POST /addFriend HTTP/1.1" 200 -
::1 - - [24/Dec/2017:07:31:08 +0000] "POST /addFriend HTTP/1.1" 200 -
::1 - - [24/Dec/2017:07:31:33 +0000] "POST /addFriend HTTP/1.1" 200 -
::1 - - [24/Dec/2017:07:33:18 +0000] "POST /addFriend HTTP/1.1" - -
::1 - - [24/Dec/2017:07:35:18 +0000] "POST /addFriend HTTP/1.1" - -
::1 - - [24/Dec/2017:07:37:18 +0000] "POST /addFriend HTTP/1.1" - -
::1 - - [24/Dec/2017:08:22:50 +0000] "GET /swagger/index.html?url=/api-docs.json HTTP/1.1" 200 -
::1 - - [24/Dec/2017:08:22:50 +0000] "GET /swagger/css/typography.css HTTP/1.1" 200 -
::1 - - [24/Dec/2017:08:22:50 +0000] "GET /swagger/lib/jquery.wiggle.min.js HTTP/1.1" 200 -
::1 - - [24/Dec/2017:08:22:50 +0000] "GET /swagger/lib/jquery.ba-bbq.min.js HTTP/1.1" 200 -
::1 - - [24/Dec/2017:08:22:50 +0000] "GET /swagger/lib/underscore-min.js HTTP/1.1" 200 -
::1 - - [24/Dec/2017:08:22:50 +0000] "GET /swagger/lib/handlebars-2.0.0.js HTTP/1.1" 200 -
::1 - - [24/Dec/2017:08:22:50 +0000] "GET /swagger/lib/backbone-min.js HTTP/1.1" 200 -
::1 - - [24/Dec/2017:08:22:50 +0000] "GET /swagger/lib/highlight.7.3.pack.js HTTP/1.1" 200 -
::1 - - [24/Dec/2017:08:22:50 +0000] "GET /swagger/lib/marked.js HTTP/1.1" 200 -
::1 - - [24/Dec/2017:08:22:50 +0000] "GET /swagger/lib/swagger-oauth.js HTTP/1.1" 200 -
::1 - - [24/Dec/2017:08:22:50 +0000] "GET /swagger/css/screen.css HTTP/1.1" 200 -
::1 - - [24/Dec/2017:08:22:51 +0000] "GET /swagger/lib/jquery-1.8.0.min.js HTTP/1.1" 200 -
::1 - - [24/Dec/2017:08:22:51 +0000] "GET /swagger/css/reset.css HTTP/1.1" 200 -
::1 - - [24/Dec/2017:08:22:51 +0000] "GET /swagger/lib/jquery.slideto.min.js HTTP/1.1" 200 -
::1 - - [24/Dec/2017:08:22:51 +0000] "GET /swagger/swagger-ui.js HTTP/1.1" 200 -
::1 - - [24/Dec/2017:08:22:51 +0000] "GET /swagger/css/print.css HTTP/1.1" 200 -
::1 - - [24/Dec/2017:08:22:51 +0000] "GET /swagger/fonts/droid-sans-v6-latin-700.woff2 HTTP/1.1" 200 -
::1 - - [24/Dec/2017:08:22:51 +0000] "GET /swagger/images/logo_small.png HTTP/1.1" 200 -
::1 - - [24/Dec/2017:08:22:51 +0000] "GET /swagger/fonts/droid-sans-v6-latin-regular.woff2 HTTP/1.1" 200 -
::1 - - [24/Dec/2017:08:22:51 +0000] "GET /api-docs.json HTTP/1.1" 200 -
::1 - - [24/Dec/2017:08:22:51 +0000] "GET /swagger/images/favicon-32x32.png HTTP/1.1" 200 -
::1 - - [24/Dec/2017:08:22:51 +0000] "GET /swagger/images/favicon-16x16.png HTTP/1.1" 200 -
::1 - - [24/Dec/2017:08:22:53 +0000] "GET /swagger/images/throbber.gif HTTP/1.1" 200 -
::1 - - [24/Dec/2017:08:22:57 +0000] "POST /addFriend HTTP/1.1" 200 -
::1 - - [24/Dec/2017:08:23:21 +0000] "POST /addFriend HTTP/1.1" 200 -
::1 - - [24/Dec/2017:08:23:24 +0000] "POST /addFriend HTTP/1.1" 200 -
::1 - - [24/Dec/2017:08:23:25 +0000] "POST /addFriend HTTP/1.1" 200 -
::1 - - [24/Dec/2017:08:23:25 +0000] "POST /addFriend HTTP/1.1" 200 -
::1 - - [24/Dec/2017:08:23:25 +0000] "POST /addFriend HTTP/1.1" 200 -
::1 - - [24/Dec/2017:08:23:29 +0000] "GET /swagger/index.html?url=/api-docs.json HTTP/1.1" 200 -
::1 - - [24/Dec/2017:08:23:30 +0000] "GET /api-docs.json HTTP/1.1" 200 -
::1 - - [24/Dec/2017:08:23:30 +0000] "GET /swagger/images/favicon-32x32.png HTTP/1.1" 200 -
::1 - - [24/Dec/2017:08:23:35 +0000] "POST /addFriend HTTP/1.1" 200 -
::1 - - [24/Dec/2017:08:34:38 +0000] "GET /swagger/index.html?url=/api-docs.json HTTP/1.1" 200 -
::1 - - [24/Dec/2017:08:34:38 +0000] "GET /api-docs.json HTTP/1.1" 200 -
::1 - - [24/Dec/2017:08:34:38 +0000] "GET /swagger/images/favicon-32x32.png HTTP/1.1" 200 -
::1 - - [24/Dec/2017:08:34:43 +0000] "POST /addFriend HTTP/1.1" 200 -
::1 - - [24/Dec/2017:08:36:26 +0000] "POST /addFriend HTTP/1.1" 200 -
::1 - - [24/Dec/2017:08:37:15 +0000] "POST /addFriend HTTP/1.1" 200 -
::1 - - [24/Dec/2017:08:37:43 +0000] "POST /addFriend HTTP/1.1" 500 -
::1 - - [24/Dec/2017:08:54:30 +0000] "GET /swagger/index.html?url=/api-docs.json HTTP/1.1" 200 -
::1 - - [24/Dec/2017:08:54:30 +0000] "POST /addFriend HTTP/1.1" - -
::1 - - [24/Dec/2017:08:54:31 +0000] "GET /api-docs.json HTTP/1.1" 200 -
::1 - - [24/Dec/2017:08:54:31 +0000] "GET /swagger/images/favicon-32x32.png HTTP/1.1" 200 -
::1 - - [24/Dec/2017:08:57:49 +0000] "POST /addFriend HTTP/1.1" - -
::1 - - [24/Dec/2017:09:21:16 +0000] "POST /addFriend HTTP/1.1" 200 -
::1 - - [24/Dec/2017:09:23:00 +0000] "POST /addFriend HTTP/1.1" 200 -
::1 - - [24/Dec/2017:09:23:23 +0000] "POST /addFriend HTTP/1.1" 200 -
::1 - - [24/Dec/2017:09:25:01 +0000] "POST /addFriend HTTP/1.1" 200 -
::1 - - [24/Dec/2017:09:26:36 +0000] "POST /addFriend HTTP/1.1" 200 -
::1 - - [24/Dec/2017:09:29:44 +0000] "POST /addFriend HTTP/1.1" 200 -
::1 - - [24/Dec/2017:09:36:34 +0000] "POST /addFriend HTTP/1.1" 200 -
::1 - - [24/Dec/2017:09:36:35 +0000] "POST /addFriend HTTP/1.1" 200 -
::1 - - [24/Dec/2017:09:36:36 +0000] "POST /addFriend HTTP/1.1" 200 -
::1 - - [24/Dec/2017:09:46:13 +0000] "POST /addFriend HTTP/1.1" 200 -
::1 - - [24/Dec/2017:09:53:01 +0000] "POST /addFriend HTTP/1.1" 200 -
::1 - - [24/Dec/2017:09:53:24 +0000] "POST /addFriend HTTP/1.1" 200 -
::1 - - [24/Dec/2017:09:53:25 +0000] "POST /addFriend HTTP/1.1" 200 -
::1 - - [24/Dec/2017:09:53:25 +0000] "POST /addFriend HTTP/1.1" 200 -
::1 - - [24/Dec/2017:09:53:26 +0000] "POST /addFriend HTTP/1.1" 200 -
::1 - - [24/Dec/2017:10:20:28 +0000] "POST /addFriend HTTP/1.1" 200 -
::1 - - [24/Dec/2017:10:21:05 +0000] "POST /addFriend HTTP/1.1" 200 -
::1 - - [24/Dec/2017:10:21:05 +0000] "POST /addFriend HTTP/1.1" 200 -
::1 - - [24/Dec/2017:10:37:48 +0000] "POST /addFriend HTTP/1.1" - -
::1 - - [24/Dec/2017:17:43:18 +0000] "GET /swagger/index.html?url=/api-docs.json HTTP/1.1" 200 -
::1 - - [24/Dec/2017:17:43:18 +0000] "POST /addFriend HTTP/1.1" - -
::1 - - [24/Dec/2017:17:43:18 +0000] "POST /addFriend HTTP/1.1" - -
::1 - - [24/Dec/2017:17:43:18 +0000] "GET /swagger/css/typography.css HTTP/1.1" 200 -
::1 - - [24/Dec/2017:17:43:18 +0000] "GET /swagger/lib/jquery.wiggle.min.js HTTP/1.1" 200 -
::1 - - [24/Dec/2017:17:43:18 +0000] "GET /swagger/lib/jquery.ba-bbq.min.js HTTP/1.1" 200 -
::1 - - [24/Dec/2017:17:43:18 +0000] "GET /swagger/css/screen.css HTTP/1.1" 200 -
::1 - - [24/Dec/2017:17:43:18 +0000] "GET /swagger/lib/handlebars-2.0.0.js HTTP/1.1" 200 -
::1 - - [24/Dec/2017:17:43:18 +0000] "GET /swagger/lib/jquery-1.8.0.min.js HTTP/1.1" 200 -
::1 - - [24/Dec/2017:17:43:18 +0000] "GET /swagger/lib/highlight.7.3.pack.js HTTP/1.1" 200 -
::1 - - [24/Dec/2017:17:43:18 +0000] "GET /swagger/lib/underscore-min.js HTTP/1.1" 200 -
::1 - - [24/Dec/2017:17:43:18 +0000] "GET /swagger/lib/backbone-min.js HTTP/1.1" 200 -
::1 - - [24/Dec/2017:17:43:18 +0000] "GET /swagger/lib/swagger-oauth.js HTTP/1.1" 200 -
::1 - - [24/Dec/2017:17:43:18 +0000] "GET /swagger/lib/marked.js HTTP/1.1" 200 -
::1 - - [24/Dec/2017:17:43:18 +0000] "GET /swagger/css/reset.css HTTP/1.1" 200 -
::1 - - [24/Dec/2017:17:43:18 +0000] "GET /swagger/lib/jquery.slideto.min.js HTTP/1.1" 200 -
::1 - - [24/Dec/2017:17:43:18 +0000] "GET /swagger/swagger-ui.js HTTP/1.1" 200 -
::1 - - [24/Dec/2017:17:43:18 +0000] "GET /swagger/css/print.css HTTP/1.1" 200 -
::1 - - [24/Dec/2017:17:43:18 +0000] "GET /swagger/fonts/droid-sans-v6-latin-regular.woff2 HTTP/1.1" 200 -
::1 - - [24/Dec/2017:17:43:18 +0000] "GET /swagger/images/logo_small.png HTTP/1.1" 200 -
::1 - - [24/Dec/2017:17:43:18 +0000] "GET /swagger/fonts/droid-sans-v6-latin-700.woff2 HTTP/1.1" 200 -
::1 - - [24/Dec/2017:17:43:18 +0000] "GET /api-docs.json HTTP/1.1" 200 -
::1 - - [24/Dec/2017:17:43:18 +0000] "GET /swagger/images/favicon-32x32.png HTTP/1.1" 200 -
::1 - - [24/Dec/2017:17:43:18 +0000] "GET /swagger/images/favicon-16x16.png HTTP/1.1" 200 -
::1 - - [24/Dec/2017:17:43:20 +0000] "GET /swagger/images/throbber.gif HTTP/1.1" 200 -
::1 - - [24/Dec/2017:17:49:10 +0000] "POST /addFriend HTTP/1.1" - -
::1 - - [24/Dec/2017:17:55:27 +0000] "GET /swagger/index.html?url=/api-docs.json HTTP/1.1" 200 -
::1 - - [24/Dec/2017:17:55:27 +0000] "POST /addFriend HTTP/1.1" - -
::1 - - [24/Dec/2017:17:55:27 +0000] "POST /addFriend HTTP/1.1" - -
::1 - - [24/Dec/2017:17:55:27 +0000] "POST /addFriend HTTP/1.1" - -
::1 - - [24/Dec/2017:17:55:27 +0000] "GET /api-docs.json HTTP/1.1" 200 -
::1 - - [24/Dec/2017:17:58:05 +0000] "GET /swagger/index.html?url=/api-docs.json HTTP/1.1" 200 -
::1 - - [24/Dec/2017:17:58:05 +0000] "POST /addFriend HTTP/1.1" - -
::1 - - [24/Dec/2017:17:58:05 +0000] "GET /api-docs.json HTTP/1.1" 200 -
::1 - - [24/Dec/2017:17:58:05 +0000] "GET /swagger/images/favicon-32x32.png HTTP/1.1" 200 -
::1 - - [24/Dec/2017:18:00:11 +0000] "POST /addFriend HTTP/1.1" - -
::1 - - [24/Dec/2017:18:07:47 +0000] "POST /addFriend HTTP/1.1" - -
::1 - - [24/Dec/2017:18:13:36 +0000] "POST /addFriend HTTP/1.1" - -
::1 - - [24/Dec/2017:18:18:09 +0000] "POST /addFriend HTTP/1.1" - -
::1 - - [24/Dec/2017:18:21:47 +0000] "POST /addFriend HTTP/1.1" - -
::1 - - [24/Dec/2017:18:25:29 +0000] "POST /addFriend HTTP/1.1" - -
::1 - - [24/Dec/2017:18:30:14 +0000] "POST /addFriend HTTP/1.1" 200 -
::1 - - [25/Dec/2017:05:11:28 +0000] "GET /swagger/index.html?url=/api-docs.json HTTP/1.1" 200 -
::1 - - [25/Dec/2017:05:11:28 +0000] "GET /swagger/css/typography.css HTTP/1.1" 200 -
::1 - - [25/Dec/2017:05:11:28 +0000] "GET /swagger/lib/jquery.ba-bbq.min.js HTTP/1.1" 200 -
::1 - - [25/Dec/2017:05:11:28 +0000] "GET /swagger/lib/jquery.wiggle.min.js HTTP/1.1" 200 -
::1 - - [25/Dec/2017:05:11:28 +0000] "GET /swagger/lib/jquery.slideto.min.js HTTP/1.1" 200 -
::1 - - [25/Dec/2017:05:11:28 +0000] "GET /swagger/css/reset.css HTTP/1.1" 200 -
::1 - - [25/Dec/2017:05:11:28 +0000] "GET /swagger/lib/jquery-1.8.0.min.js HTTP/1.1" 200 -
::1 - - [25/Dec/2017:05:11:28 +0000] "GET /swagger/lib/handlebars-2.0.0.js HTTP/1.1" 200 -
::1 - - [25/Dec/2017:05:11:28 +0000] "GET /swagger/lib/backbone-min.js HTTP/1.1" 200 -
::1 - - [25/Dec/2017:05:11:28 +0000] "GET /swagger/lib/highlight.7.3.pack.js HTTP/1.1" 200 -
::1 - - [25/Dec/2017:05:11:28 +0000] "GET /swagger/lib/marked.js HTTP/1.1" 200 -
::1 - - [25/Dec/2017:05:11:28 +0000] "GET /swagger/lib/swagger-oauth.js HTTP/1.1" 200 -
::1 - - [25/Dec/2017:05:11:28 +0000] "GET /swagger/css/screen.css HTTP/1.1" 200 -
::1 - - [25/Dec/2017:05:11:28 +0000] "GET /swagger/lib/underscore-min.js HTTP/1.1" 200 -
::1 - - [25/Dec/2017:05:11:28 +0000] "GET /swagger/swagger-ui.js HTTP/1.1" 200 -
::1 - - [25/Dec/2017:05:11:28 +0000] "GET /swagger/css/print.css HTTP/1.1" 200 -
::1 - - [25/Dec/2017:05:11:28 +0000] "GET /swagger/images/logo_small.png HTTP/1.1" 200 -
::1 - - [25/Dec/2017:05:11:28 +0000] "GET /swagger/fonts/droid-sans-v6-latin-700.woff2 HTTP/1.1" 200 -
::1 - - [25/Dec/2017:05:11:28 +0000] "GET /swagger/fonts/droid-sans-v6-latin-regular.woff2 HTTP/1.1" 200 -
::1 - - [25/Dec/2017:05:11:28 +0000] "GET /api-docs.json HTTP/1.1" 200 -
::1 - - [25/Dec/2017:05:11:31 +0000] "GET /swagger/images/throbber.gif HTTP/1.1" 200 -
::1 - - [25/Dec/2017:05:13:34 +0000] "POST /addFriend HTTP/1.1" - -
::1 - - [25/Dec/2017:05:14:05 +0000] "POST /addFriend HTTP/1.1" - -
::1 - - [25/Dec/2017:05:15:34 +0000] "POST /addFriend HTTP/1.1" - -
::1 - - [25/Dec/2017:05:16:05 +0000] "POST /addFriend HTTP/1.1" - -
::1 - - [25/Dec/2017:05:43:12 +0000] "POST /addFriend HTTP/1.1" 200 -
::1 - - [25/Dec/2017:06:04:41 +0000] "POST /addFriend HTTP/1.1" 200 -
::1 - - [25/Dec/2017:06:11:24 +0000] "POST /addFriend HTTP/1.1" - -
::1 - - [25/Dec/2017:06:15:01 +0000] "POST /addFriend HTTP/1.1" 200 -
::1 - - [25/Dec/2017:06:17:12 +0000] "POST /addFriend HTTP/1.1" - -
::1 - - [25/Dec/2017:06:24:34 +0000] "POST /addFriend HTTP/1.1" - -
::1 - - [25/Dec/2017:06:27:24 +0000] "POST /addFriend HTTP/1.1" - -
::1 - - [25/Dec/2017:08:05:51 +0000] "POST /addFriend HTTP/1.1" 200 -
::1 - - [25/Dec/2017:08:08:18 +0000] "POST /addFriend HTTP/1.1" - -
::1 - - [25/Dec/2017:08:10:18 +0000] "POST /addFriend HTTP/1.1" - -
::1 - - [25/Dec/2017:08:27:13 +0000] "POST /addFriend HTTP/1.1" - -
::1 - - [25/Dec/2017:09:13:31 +0000] "GET /swagger/index.html?url=/api-docs.json HTTP/1.1" 200 -
::1 - - [25/Dec/2017:09:13:31 +0000] "POST /addFriend HTTP/1.1" - -
::1 - - [25/Dec/2017:09:13:31 +0000] "GET /swagger/css/typography.css HTTP/1.1" 200 -
::1 - - [25/Dec/2017:09:13:31 +0000] "GET /swagger/lib/jquery.slideto.min.js HTTP/1.1" 200 -
::1 - - [25/Dec/2017:09:13:31 +0000] "GET /swagger/lib/jquery.ba-bbq.min.js HTTP/1.1" 200 -
::1 - - [25/Dec/2017:09:13:31 +0000] "GET /swagger/lib/underscore-min.js HTTP/1.1" 200 -
::1 - - [25/Dec/2017:09:13:31 +0000] "GET /swagger/lib/handlebars-2.0.0.js HTTP/1.1" 200 -
::1 - - [25/Dec/2017:09:13:31 +0000] "GET /swagger/lib/jquery-1.8.0.min.js HTTP/1.1" 200 -
::1 - - [25/Dec/2017:09:13:31 +0000] "GET /swagger/lib/backbone-min.js HTTP/1.1" 200 -
::1 - - [25/Dec/2017:09:13:31 +0000] "GET /swagger/lib/highlight.7.3.pack.js HTTP/1.1" 200 -
::1 - - [25/Dec/2017:09:13:31 +0000] "GET /swagger/lib/swagger-oauth.js HTTP/1.1" 200 -
::1 - - [25/Dec/2017:09:13:31 +0000] "GET /swagger/lib/jquery.wiggle.min.js HTTP/1.1" 200 -
::1 - - [25/Dec/2017:09:13:31 +0000] "GET /swagger/css/reset.css HTTP/1.1" 200 -
::1 - - [25/Dec/2017:09:13:31 +0000] "GET /swagger/css/screen.css HTTP/1.1" 200 -
::1 - - [25/Dec/2017:09:13:31 +0000] "GET /swagger/lib/marked.js HTTP/1.1" 200 -
::1 - - [25/Dec/2017:09:13:31 +0000] "GET /swagger/swagger-ui.js HTTP/1.1" 200 -
::1 - - [25/Dec/2017:09:13:31 +0000] "GET /swagger/css/print.css HTTP/1.1" 200 -
::1 - - [25/Dec/2017:09:13:31 +0000] "GET /swagger/fonts/droid-sans-v6-latin-regular.woff2 HTTP/1.1" 200 -
::1 - - [25/Dec/2017:09:13:31 +0000] "GET /swagger/images/logo_small.png HTTP/1.1" 200 -
::1 - - [25/Dec/2017:09:13:31 +0000] "GET /swagger/fonts/droid-sans-v6-latin-700.woff2 HTTP/1.1" 200 -
::1 - - [25/Dec/2017:09:13:31 +0000] "GET /api-docs.json HTTP/1.1" 200 -
::1 - - [25/Dec/2017:09:13:31 +0000] "GET /swagger/images/favicon-32x32.png HTTP/1.1" 200 -
::1 - - [25/Dec/2017:09:13:31 +0000] "GET /swagger/images/favicon-16x16.png HTTP/1.1" 200 -
::1 - - [25/Dec/2017:09:16:23 +0000] "GET /swagger/index.html?url=/api-docs.json HTTP/1.1" 200 -
::1 - - [25/Dec/2017:09:16:24 +0000] "GET /api-docs.json HTTP/1.1" 200 -
::1 - - [25/Dec/2017:09:16:24 +0000] "GET /swagger/images/favicon-32x32.png HTTP/1.1" 200 -
::1 - - [25/Dec/2017:09:16:25 +0000] "GET /swagger/images/throbber.gif HTTP/1.1" 200 -
::1 - - [25/Dec/2017:09:16:32 +0000] "POST /addFriend HTTP/1.1" 200 -
::1 - - [25/Dec/2017:09:16:58 +0000] "POST /addFriend HTTP/1.1" 200 -
::1 - - [25/Dec/2017:09:17:33 +0000] "POST /addFriend HTTP/1.1" 200 -
::1 - - [25/Dec/2017:09:17:39 +0000] "POST /addFriend HTTP/1.1" 200 -
::1 - - [25/Dec/2017:09:18:07 +0000] "POST /addFriend HTTP/1.1" 200 -
::1 - - [25/Dec/2017:09:18:39 +0000] "POST /addFriend HTTP/1.1" 200 -
::1 - - [25/Dec/2017:09:31:40 +0000] "POST /addFriend HTTP/1.1" 200 -
::1 - - [25/Dec/2017:09:48:56 +0000] "POST /addFriend HTTP/1.1" 200 -
::1 - - [25/Dec/2017:09:50:10 +0000] "POST /addFriend HTTP/1.1" 200 -
::1 - - [25/Dec/2017:09:50:47 +0000] "POST /addFriend HTTP/1.1" 200 -
::1 - - [25/Dec/2017:09:51:24 +0000] "POST /addFriend HTTP/1.1" 200 -
::1 - - [25/Dec/2017:09:51:27 +0000] "GET /swagger/index.html?url=/api-docs.json HTTP/1.1" 200 -
::1 - - [25/Dec/2017:09:51:28 +0000] "GET /api-docs.json HTTP/1.1" 200 -
::1 - - [25/Dec/2017:09:51:28 +0000] "GET /swagger/images/favicon-32x32.png HTTP/1.1" 200 -
::1 - - [25/Dec/2017:09:51:40 +0000] "POST /addFriend HTTP/1.1" 200 -
::1 - - [25/Dec/2017:09:54:05 +0000] "POST /addFriend HTTP/1.1" 200 -
::1 - - [25/Dec/2017:09:56:42 +0000] "POST /addFriend HTTP/1.1" 200 -
::1 - - [25/Dec/2017:09:57:06 +0000] "POST /addFriend HTTP/1.1" 200 -
::1 - - [25/Dec/2017:13:44:32 +0000] "POST /listAllFriends HTTP/1.1" 200 -
::1 - - [25/Dec/2017:13:45:19 +0000] "POST /listAllFriends HTTP/1.1" 200 -
::1 - - [25/Dec/2017:13:46:22 +0000] "POST /listAllFriends HTTP/1.1" 200 -
::1 - - [25/Dec/2017:14:19:30 +0000] "POST /listAllFriends HTTP/1.1" 200 -
::1 - - [25/Dec/2017:14:19:35 +0000] "POST /listAllFriends HTTP/1.1" 200 -
::1 - - [25/Dec/2017:14:19:41 +0000] "POST /listAllFriends HTTP/1.1" 200 -
::1 - - [25/Dec/2017:14:19:42 +0000] "POST /listAllFriends HTTP/1.1" 200 -
::1 - - [25/Dec/2017:14:19:43 +0000] "POST /listAllFriends HTTP/1.1" 200 -
::1 - - [25/Dec/2017:14:19:43 +0000] "POST /listAllFriends HTTP/1.1" 200 -
::1 - - [25/Dec/2017:14:19:43 +0000] "POST /listAllFriends HTTP/1.1" 200 -
::1 - - [25/Dec/2017:14:19:43 +0000] "POST /listAllFriends HTTP/1.1" 200 -
::1 - - [25/Dec/2017:14:19:44 +0000] "POST /listAllFriends HTTP/1.1" 200 -
::1 - - [25/Dec/2017:14:19:44 +0000] "POST /listAllFriends HTTP/1.1" 200 -
::1 - - [25/Dec/2017:14:19:45 +0000] "POST /listAllFriends HTTP/1.1" 200 -
::1 - - [25/Dec/2017:14:20:16 +0000] "POST /listAllFriends HTTP/1.1" 200 -
::1 - - [25/Dec/2017:15:20:53 +0000] "POST /findMutualFriends HTTP/1.1" 200 -
::1 - - [25/Dec/2017:15:20:59 +0000] "POST /findMutualFriends HTTP/1.1" 200 -
::1 - - [25/Dec/2017:15:21:00 +0000] "POST /findMutualFriends HTTP/1.1" 200 -
::1 - - [25/Dec/2017:15:21:01 +0000] "POST /findMutualFriends HTTP/1.1" 200 -
::1 - - [25/Dec/2017:15:21:01 +0000] "POST /findMutualFriends HTTP/1.1" 200 -
::1 - - [25/Dec/2017:15:21:08 +0000] "POST /findMutualFriends HTTP/1.1" 200 -
::1 - - [25/Dec/2017:15:21:46 +0000] "POST /findMutualFriends HTTP/1.1" 200 -
::1 - - [25/Dec/2017:15:22:41 +0000] "POST /findMutualFriends HTTP/1.1" 200 -
::1 - - [25/Dec/2017:15:23:16 +0000] "POST /findMutualFriends HTTP/1.1" 200 -
::1 - - [25/Dec/2017:15:23:47 +0000] "POST /findMutualFriends HTTP/1.1" 200 -
::1 - - [25/Dec/2017:15:26:07 +0000] "POST /addFriend HTTP/1.1" 200 -
::1 - - [25/Dec/2017:15:26:13 +0000] "POST /findMutualFriends HTTP/1.1" 200 -
::1 - - [25/Dec/2017:15:27:31 +0000] "POST /findMutualFriends HTTP/1.1" 200 -
::1 - - [25/Dec/2017:15:28:38 +0000] "POST /findMutualFriends HTTP/1.1" 200 -
::1 - - [25/Dec/2017:15:28:38 +0000] "POST /findMutualFriends HTTP/1.1" 200 -
::1 - - [25/Dec/2017:15:29:04 +0000] "POST /findMutualFriends HTTP/1.1" 200 -
::1 - - [25/Dec/2017:15:29:05 +0000] "POST /findMutualFriends HTTP/1.1" 200 -
::1 - - [25/Dec/2017:15:29:05 +0000] "POST /findMutualFriends HTTP/1.1" 200 -
::1 - - [25/Dec/2017:15:29:58 +0000] "POST /findMutualFriends HTTP/1.1" 200 -
::1 - - [25/Dec/2017:15:30:00 +0000] "POST /findMutualFriends HTTP/1.1" 200 -
::1 - - [25/Dec/2017:15:30:00 +0000] "POST /findMutualFriends HTTP/1.1" 200 -
::1 - - [25/Dec/2017:15:30:00 +0000] "POST /findMutualFriends HTTP/1.1" 200 -
::1 - - [25/Dec/2017:15:30:13 +0000] "POST /findMutualFriends HTTP/1.1" 200 -
::1 - - [25/Dec/2017:15:30:18 +0000] "POST /findMutualFriends HTTP/1.1" 200 -
::1 - - [25/Dec/2017:15:30:28 +0000] "POST /listAllFriends HTTP/1.1" 200 -
::1 - - [25/Dec/2017:16:46:19 +0000] "POST /subscribeUpdates HTTP/1.1" 200 -
::1 - - [25/Dec/2017:16:46:28 +0000] "POST /subscribeUpdates HTTP/1.1" 200 -
::1 - - [25/Dec/2017:16:47:46 +0000] "POST /subscribeUpdates HTTP/1.1" 200 -
::1 - - [25/Dec/2017:16:48:21 +0000] "POST /addFriend HTTP/1.1" 200 -
::1 - - [25/Dec/2017:16:51:46 +0000] "POST /subscribeUpdates HTTP/1.1" 200 -
::1 - - [25/Dec/2017:16:53:49 +0000] "POST /addFriend HTTP/1.1" 200 -
::1 - - [25/Dec/2017:16:54:02 +0000] "POST /subscribeUpdates HTTP/1.1" 200 -
::1 - - [25/Dec/2017:16:56:55 +0000] "POST /subscribeUpdates HTTP/1.1" 200 -
::1 - - [25/Dec/2017:16:58:32 +0000] "POST /subscribeUpdates HTTP/1.1" 200 -
::1 - - [25/Dec/2017:16:59:09 +0000] "POST /addFriend HTTP/1.1" 200 -
::1 - - [25/Dec/2017:16:59:14 +0000] "POST /subscribeUpdates HTTP/1.1" 200 -
::1 - - [25/Dec/2017:17:01:36 +0000] "POST /addFriend HTTP/1.1" 200 -
::1 - - [25/Dec/2017:17:01:44 +0000] "POST /subscribeUpdates HTTP/1.1" 200 -
::1 - - [25/Dec/2017:17:04:10 +0000] "POST /addFriend HTTP/1.1" 200 -
::1 - - [25/Dec/2017:17:06:57 +0000] "POST /addFriend HTTP/1.1" 200 -
::1 - - [25/Dec/2017:17:16:16 +0000] "POST /subscribeUpdates HTTP/1.1" 200 -
::1 - - [25/Dec/2017:17:17:12 +0000] "POST /addFriend HTTP/1.1" 200 -
::1 - - [25/Dec/2017:17:17:16 +0000] "POST /subscribeUpdates HTTP/1.1" 200 -
::1 - - [25/Dec/2017:17:18:49 +0000] "POST /addFriend HTTP/1.1" 200 -
::1 - - [25/Dec/2017:17:18:51 +0000] "POST /subscribeUpdates HTTP/1.1" 200 -
::1 - - [25/Dec/2017:17:26:53 +0000] "POST /subscribeUpdates HTTP/1.1" 200 -
::1 - - [26/Dec/2017:02:42:25 +0000] "GET /swagger/index.html?url=/api-docs.json HTTP/1.1" 200 -
::1 - - [26/Dec/2017:02:42:25 +0000] "GET /swagger/css/typography.css HTTP/1.1" 200 -
::1 - - [26/Dec/2017:02:42:25 +0000] "GET /swagger/lib/jquery.slideto.min.js HTTP/1.1" 200 -
::1 - - [26/Dec/2017:02:42:25 +0000] "GET /swagger/lib/jquery.wiggle.min.js HTTP/1.1" 200 -
::1 - - [26/Dec/2017:02:42:25 +0000] "GET /swagger/lib/underscore-min.js HTTP/1.1" 200 -
::1 - - [26/Dec/2017:02:42:25 +0000] "GET /swagger/lib/backbone-min.js HTTP/1.1" 200 -
::1 - - [26/Dec/2017:02:42:25 +0000] "GET /swagger/lib/handlebars-2.0.0.js HTTP/1.1" 200 -
::1 - - [26/Dec/2017:02:42:25 +0000] "GET /swagger/lib/marked.js HTTP/1.1" 200 -
::1 - - [26/Dec/2017:02:42:25 +0000] "GET /swagger/lib/highlight.7.3.pack.js HTTP/1.1" 200 -
::1 - - [26/Dec/2017:02:42:25 +0000] "GET /swagger/lib/swagger-oauth.js HTTP/1.1" 200 -
::1 - - [26/Dec/2017:02:42:25 +0000] "GET /swagger/lib/jquery-1.8.0.min.js HTTP/1.1" 200 -
::1 - - [26/Dec/2017:02:42:25 +0000] "GET /swagger/css/reset.css HTTP/1.1" 200 -
::1 - - [26/Dec/2017:02:42:25 +0000] "GET /swagger/lib/jquery.ba-bbq.min.js HTTP/1.1" 200 -
::1 - - [26/Dec/2017:02:42:25 +0000] "GET /swagger/css/screen.css HTTP/1.1" 200 -
::1 - - [26/Dec/2017:02:42:25 +0000] "GET /swagger/swagger-ui.js HTTP/1.1" 200 -
::1 - - [26/Dec/2017:02:42:26 +0000] "GET /swagger/css/print.css HTTP/1.1" 200 -
::1 - - [26/Dec/2017:02:42:26 +0000] "GET /swagger/images/logo_small.png HTTP/1.1" 200 -
::1 - - [26/Dec/2017:02:42:26 +0000] "GET /swagger/fonts/droid-sans-v6-latin-700.woff2 HTTP/1.1" 200 -
::1 - - [26/Dec/2017:02:42:26 +0000] "GET /swagger/fonts/droid-sans-v6-latin-regular.woff2 HTTP/1.1" 200 -
::1 - - [26/Dec/2017:02:42:26 +0000] "GET /api-docs.json HTTP/1.1" 200 -
::1 - - [26/Dec/2017:02:42:33 +0000] "GET /swagger/images/throbber.gif HTTP/1.1" 200 -
::1 - - [26/Dec/2017:02:42:44 +0000] "POST /blockReceivingUpdates HTTP/1.1" 200 -
::1 - - [26/Dec/2017:02:43:34 +0000] "POST /addFriend HTTP/1.1" 200 -
::1 - - [26/Dec/2017:02:44:14 +0000] "POST /blockReceivingUpdates HTTP/1.1" 200 -
::1 - - [26/Dec/2017:02:58:39 +0000] "GET /swagger/index.html?url=/api-docs.json HTTP/1.1" 200 -
::1 - - [26/Dec/2017:02:58:40 +0000] "GET /api-docs.json HTTP/1.1" 200 -
::1 - - [26/Dec/2017:02:58:40 +0000] "GET /swagger/images/favicon-32x32.png HTTP/1.1" 200 -
::1 - - [26/Dec/2017:02:58:40 +0000] "GET /swagger/images/favicon-16x16.png HTTP/1.1" 200 -
::1 - - [26/Dec/2017:02:59:31 +0000] "GET /swagger/index.html?url=/api-docs.json HTTP/1.1" 200 -
::1 - - [26/Dec/2017:02:59:31 +0000] "GET /api-docs.json HTTP/1.1" 200 -
::1 - - [26/Dec/2017:02:59:31 +0000] "GET /swagger/images/favicon-32x32.png HTTP/1.1" 200 -
::1 - - [26/Dec/2017:03:01:03 +0000] "GET /swagger/index.html?url=/api-docs.json HTTP/1.1" 200 -
::1 - - [26/Dec/2017:03:01:04 +0000] "GET /api-docs.json HTTP/1.1" 200 -
::1 - - [26/Dec/2017:03:01:04 +0000] "GET /swagger/images/favicon-32x32.png HTTP/1.1" 200 -
::1 - - [26/Dec/2017:04:28:32 +0000] "POST /feedReceiverList HTTP/1.1" 200 -
::1 - - [26/Dec/2017:04:29:30 +0000] "POST /blockReceivingUpdates HTTP/1.1" 200 -
::1 - - [26/Dec/2017:04:29:33 +0000] "POST /feedReceiverList HTTP/1.1" 200 -
::1 - - [26/Dec/2017:04:29:44 +0000] "POST /feedReceiverList HTTP/1.1" 200 -
::1 - - [26/Dec/2017:04:29:45 +0000] "POST /feedReceiverList HTTP/1.1" 200 -
::1 - - [26/Dec/2017:06:16:53 +0000] "POST /feedReceiverList HTTP/1.1" 200 -
::1 - - [26/Dec/2017:06:16:54 +0000] "POST /feedReceiverList HTTP/1.1" 200 -
::1 - - [26/Dec/2017:06:17:03 +0000] "POST /feedReceiverList HTTP/1.1" 200 -
::1 - - [26/Dec/2017:06:17:03 +0000] "POST /feedReceiverList HTTP/1.1" 200 -
::1 - - [26/Dec/2017:06:19:01 +0000] "POST /feedReceiverList HTTP/1.1" 200 -
::1 - - [26/Dec/2017:06:24:58 +0000] "POST /feedReceiverList HTTP/1.1" 200 -
::1 - - [26/Dec/2017:06:30:40 +0000] "POST /feedReceiverList HTTP/1.1" 200 -
::1 - - [26/Dec/2017:07:14:58 +0000] "POST /feedReceiverList HTTP/1.1" 200 -
::1 - - [26/Dec/2017:07:16:48 +0000] "POST /feedReceiverList HTTP/1.1" 200 -
::1 - - [26/Dec/2017:07:45:13 +0000] "POST /feedReceiverList HTTP/1.1" 200 -
::1 - - [26/Dec/2017:07:46:31 +0000] "POST /feedReceiverList HTTP/1.1" 200 -
::1 - - [26/Dec/2017:07:52:07 +0000] "POST /feedReceiverList HTTP/1.1" 200 -
::1 - - [26/Dec/2017:13:25:45 +0000] "GET /swagger/index.html?url=/api-docs.json HTTP/1.1" 200 -
::1 - - [26/Dec/2017:13:25:45 +0000] "GET /swagger/css/typography.css HTTP/1.1" 200 -
::1 - - [26/Dec/2017:13:25:45 +0000] "GET /swagger/lib/jquery.wiggle.min.js HTTP/1.1" 200 -
::1 - - [26/Dec/2017:13:25:45 +0000] "GET /swagger/lib/underscore-min.js HTTP/1.1" 200 -
::1 - - [26/Dec/2017:13:25:45 +0000] "GET /swagger/lib/backbone-min.js HTTP/1.1" 200 -
::1 - - [26/Dec/2017:13:25:45 +0000] "GET /swagger/lib/jquery.slideto.min.js HTTP/1.1" 200 -
::1 - - [26/Dec/2017:13:25:45 +0000] "GET /swagger/css/screen.css HTTP/1.1" 200 -
::1 - - [26/Dec/2017:13:25:45 +0000] "GET /swagger/css/reset.css HTTP/1.1" 200 -
::1 - - [26/Dec/2017:13:25:45 +0000] "GET /swagger/lib/jquery.ba-bbq.min.js HTTP/1.1" 200 -
::1 - - [26/Dec/2017:13:25:45 +0000] "GET /swagger/lib/marked.js HTTP/1.1" 200 -
::1 - - [26/Dec/2017:13:25:45 +0000] "GET /swagger/lib/highlight.7.3.pack.js HTTP/1.1" 200 -
::1 - - [26/Dec/2017:13:25:45 +0000] "GET /swagger/lib/swagger-oauth.js HTTP/1.1" 200 -
::1 - - [26/Dec/2017:13:25:45 +0000] "GET /swagger/lib/handlebars-2.0.0.js HTTP/1.1" 200 -
::1 - - [26/Dec/2017:13:25:45 +0000] "GET /swagger/lib/jquery-1.8.0.min.js HTTP/1.1" 200 -
::1 - - [26/Dec/2017:13:25:45 +0000] "GET /swagger/swagger-ui.js HTTP/1.1" 200 -
::1 - - [26/Dec/2017:13:25:45 +0000] "GET /swagger/css/print.css HTTP/1.1" 200 -
::1 - - [26/Dec/2017:13:25:45 +0000] "GET /swagger/fonts/droid-sans-v6-latin-700.woff2 HTTP/1.1" 200 -
::1 - - [26/Dec/2017:13:25:45 +0000] "GET /swagger/images/logo_small.png HTTP/1.1" 200 -
::1 - - [26/Dec/2017:13:25:45 +0000] "GET /swagger/fonts/droid-sans-v6-latin-regular.woff2 HTTP/1.1" 200 -
::1 - - [26/Dec/2017:13:25:45 +0000] "GET /api-docs.json HTTP/1.1" 200 -
::1 - - [26/Dec/2017:13:25:49 +0000] "GET /swagger/images/throbber.gif HTTP/1.1" 200 -
::1 - - [26/Dec/2017:13:25:53 +0000] "POST /feedReceiverList HTTP/1.1" 200 -
::1 - - [26/Dec/2017:13:29:09 +0000] "POST /feedReceiverList HTTP/1.1" 200 -
::1 - - [26/Dec/2017:13:30:28 +0000] "POST /feedReceiverList HTTP/1.1" 200 -
::1 - - [26/Dec/2017:13:32:05 +0000] "POST /feedReceiverList HTTP/1.1" 200 -
::1 - - [26/Dec/2017:13:32:12 +0000] "POST /feedReceiverList HTTP/1.1" 200 -
::1 - - [26/Dec/2017:13:34:51 +0000] "POST /feedReceiverList HTTP/1.1" - -
::1 - - [26/Dec/2017:13:50:50 +0000] "POST /feedReceiverList HTTP/1.1" - -
::1 - - [26/Dec/2017:14:07:08 +0000] "POST /feedReceiverList HTTP/1.1" - -
::1 - - [26/Dec/2017:14:07:49 +0000] "POST /feedReceiverList HTTP/1.1" - -
::1 - - [26/Dec/2017:14:22:33 +0000] "POST /feedReceiverList HTTP/1.1" - -
::1 - - [26/Dec/2017:14:23:26 +0000] "POST /feedReceiverList HTTP/1.1" - -
::1 - - [26/Dec/2017:14:24:34 +0000] "POST /feedReceiverList HTTP/1.1" 200 -
::1 - - [26/Dec/2017:14:27:21 +0000] "POST /feedReceiverList HTTP/1.1" 200 -
::1 - - [26/Dec/2017:14:44:29 +0000] "POST /feedReceiverList HTTP/1.1" 200 -
::1 - - [26/Dec/2017:14:49:02 +0000] "POST /feedReceiverList HTTP/1.1" 200 -
::1 - - [26/Dec/2017:14:51:54 +0000] "POST /feedReceiverList HTTP/1.1" 200 -
::1 - - [26/Dec/2017:14:52:56 +0000] "POST /feedReceiverList HTTP/1.1" 200 -
::1 - - [26/Dec/2017:14:54:41 +0000] "POST /feedReceiverList HTTP/1.1" 200 -
::1 - - [26/Dec/2017:14:59:28 +0000] "POST /feedReceiverList HTTP/1.1" 200 -
::1 - - [26/Dec/2017:15:07:57 +0000] "POST /feedReceiverList HTTP/1.1" 200 -
::1 - - [26/Dec/2017:15:09:25 +0000] "POST /feedReceiverList HTTP/1.1" 200 -
::1 - - [26/Dec/2017:15:28:25 +0000] "POST /feedReceiverList HTTP/1.1" 200 -
::1 - - [26/Dec/2017:15:53:55 +0000] "POST /feedReceiverList HTTP/1.1" 200 -
::1 - - [26/Dec/2017:16:06:18 +0000] "POST /feedReceiverList HTTP/1.1" 200 -
::1 - - [26/Dec/2017:16:10:05 +0000] "POST /feedReceiverList HTTP/1.1" 200 -
::1 - - [26/Dec/2017:16:22:19 +0000] "POST /feedReceiverList HTTP/1.1" 200 -
::1 - - [26/Dec/2017:16:24:31 +0000] "POST /feedReceiverList HTTP/1.1" 200 -
::1 - - [26/Dec/2017:16:24:38 +0000] "POST /feedReceiverList HTTP/1.1" 200 -
::1 - - [26/Dec/2017:16:24:39 +0000] "POST /feedReceiverList HTTP/1.1" 200 -
::1 - - [26/Dec/2017:16:24:40 +0000] "POST /feedReceiverList HTTP/1.1" 200 -
::1 - - [26/Dec/2017:16:24:54 +0000] "POST /feedReceiverList HTTP/1.1" 200 -
::1 - - [26/Dec/2017:16:25:12 +0000] "POST /feedReceiverList HTTP/1.1" 200 -
::1 - - [26/Dec/2017:16:27:09 +0000] "POST /findMutualFriends HTTP/1.1" 200 -
::1 - - [26/Dec/2017:16:27:19 +0000] "POST /findMutualFriends HTTP/1.1" 200 -
::1 - - [26/Dec/2017:16:27:20 +0000] "POST /findMutualFriends HTTP/1.1" 200 -
::1 - - [26/Dec/2017:16:27:21 +0000] "POST /findMutualFriends HTTP/1.1" 200 -
::1 - - [26/Dec/2017:16:27:37 +0000] "POST /findMutualFriends HTTP/1.1" 200 -
::1 - - [26/Dec/2017:16:28:44 +0000] "POST /addFriend HTTP/1.1" 200 -
::1 - - [26/Dec/2017:16:28:53 +0000] "POST /findMutualFriends HTTP/1.1" 200 -
::1 - - [26/Dec/2017:16:29:52 +0000] "POST /addFriend HTTP/1.1" 200 -
::1 - - [26/Dec/2017:16:33:08 +0000] "POST /addFriend HTTP/1.1" 200 -
::1 - - [26/Dec/2017:16:34:21 +0000] "POST /addFriend HTTP/1.1" 200 -
::1 - - [26/Dec/2017:16:36:43 +0000] "POST /addFriend HTTP/1.1" 200 -
::1 - - [26/Dec/2017:16:37:14 +0000] "POST /addFriend HTTP/1.1" 200 -
::1 - - [26/Dec/2017:16:38:09 +0000] "POST /addFriend HTTP/1.1" 200 -
::1 - - [26/Dec/2017:16:41:35 +0000] "POST /addFriend HTTP/1.1" 200 -
::1 - - [26/Dec/2017:16:44:23 +0000] "POST /addFriend HTTP/1.1" 200 -
::1 - - [26/Dec/2017:16:45:31 +0000] "POST /addFriend HTTP/1.1" 200 -
::1 - - [26/Dec/2017:16:47:13 +0000] "POST /addFriend HTTP/1.1" 200 -
::1 - - [26/Dec/2017:16:48:55 +0000] "POST /findMutualFriends HTTP/1.1" 200 -
::1 - - [26/Dec/2017:16:49:01 +0000] "POST /findMutualFriends HTTP/1.1" 200 -
::1 - - [26/Dec/2017:16:57:57 +0000] "POST /findMutualFriends HTTP/1.1" 200 -
::1 - - [26/Dec/2017:16:58:02 +0000] "POST /addFriend HTTP/1.1" 200 -
::1 - - [26/Dec/2017:16:59:05 +0000] "POST /addFriend HTTP/1.1" 200 -
::1 - - [26/Dec/2017:17:00:21 +0000] "POST /addFriend HTTP/1.1" 200 -
::1 - - [26/Dec/2017:17:03:28 +0000] "POST /addFriend HTTP/1.1" 200 -
::1 - - [26/Dec/2017:17:06:09 +0000] "POST /addFriend HTTP/1.1" 200 -
::1 - - [26/Dec/2017:17:06:52 +0000] "POST /addFriend HTTP/1.1" 200 -
::1 - - [26/Dec/2017:17:11:09 +0000] "POST /addFriend HTTP/1.1" 200 -
::1 - - [26/Dec/2017:17:14:57 +0000] "POST /findMutualFriends HTTP/1.1" 200 -
::1 - - [26/Dec/2017:17:28:28 +0000] "POST /addFriend HTTP/1.1" 200 -
::1 - - [26/Dec/2017:17:46:49 +0000] "POST /addFriend HTTP/1.1" 200 -
::1 - - [26/Dec/2017:18:06:01 +0000] "POST /addFriend HTTP/1.1" 200 -
::1 - - [26/Dec/2017:18:06:34 +0000] "POST /addFriend HTTP/1.1" 200 -
::1 - - [26/Dec/2017:18:07:10 +0000] "POST /addFriend HTTP/1.1" 200 -
::1 - - [26/Dec/2017:18:07:58 +0000] "POST /addFriend HTTP/1.1" 200 -
::1 - - [26/Dec/2017:18:11:01 +0000] "POST /addFriend HTTP/1.1" 200 -
::1 - - [26/Dec/2017:18:12:16 +0000] "POST /addFriend HTTP/1.1" 200 -
::1 - - [26/Dec/2017:18:13:03 +0000] "POST /addFriend HTTP/1.1" 200 -
::1 - - [26/Dec/2017:18:14:33 +0000] "POST /addFriend HTTP/1.1" 200 -
::1 - - [26/Dec/2017:18:18:40 +0000] "POST /addFriend HTTP/1.1" 200 -
::1 - - [26/Dec/2017:18:19:33 +0000] "POST /addFriend HTTP/1.1" 200 -
::1 - - [26/Dec/2017:18:20:34 +0000] "POST /addFriend HTTP/1.1" 200 -
::1 - - [26/Dec/2017:18:21:30 +0000] "POST /addFriend HTTP/1.1" 200 -
::1 - - [26/Dec/2017:18:31:34 +0000] "POST /addFriend HTTP/1.1" 200 -
::1 - - [26/Dec/2017:18:32:02 +0000] "POST /findMutualFriends HTTP/1.1" 200 -
